Unity Editor version:    2020.3.19f1 (68f137dc9bbe)
Branch:                  2020.3/staging
Build type:              Release
Batch mode:              YES
macOS version:           Version 11.5.2 (Build 20G95)
Darwin version:          20.6.0
Architecture:            x86_64
Running under Rosetta:   YES
Available memory:        16384 MB
Using pre-set license
Pro License: NO

COMMAND LINE ARGUMENTS:
/Applications/Unity/Hub/Editor/2020.3.19f1/Unity.app/Contents/MacOS/Unity
-adb2
-batchMode
-noUpm
-name
AssetImportWorker0
-projectPath
/Users/tachibis/Downloads/My project (2)
-logFile
Logs/AssetImportWorker0.log
-srvPort
49752
Successfully changed project path to: /Users/tachibis/Downloads/My project (2)
/Users/tachibis/Downloads/My project (2)
Using Asset Import Pipeline V2.
Refreshing native plugins compatible for Editor in 28.47 ms, found 3 plugins.
Preloading 0 native plugins for Editor in 0.00 ms.
Initialize engine version: 2020.3.19f1 (68f137dc9bbe)
[Subsystems] Discovering subsystems at path /Applications/Unity/Hub/Editor/2020.3.19f1/Unity.app/Contents/Resources/UnitySubsystems
[Subsystems] Discovering subsystems at path /Users/tachibis/Downloads/My project (2)/Assets
GfxDevice: creating device client; threaded=0
2021-12-09 20:19:09.219 Unity[1868:24188] (null) preferred device: Apple M1 (high power)
2021-12-09 20:19:09.219 Unity[1868:24188] Metal devices available: 1
2021-12-09 20:19:09.219 Unity[1868:24188] 0: Apple M1 (high power)
2021-12-09 20:19:09.220 Unity[1868:24188] Using device Apple M1 (high power)
Initializing Metal device caps: Apple M1
Initialize mono
Mono path[0] = '/Applications/Unity/Hub/Editor/2020.3.19f1/Unity.app/Contents/Managed'
Mono path[1] = '/Applications/Unity/Hub/Editor/2020.3.19f1/Unity.app/Contents/MonoBleedingEdge/lib/mono/unityjit'
Mono config path = '/Applications/Unity/Hub/Editor/2020.3.19f1/Unity.app/Contents/MonoBleedingEdge/etc'
Using monoOptions --debugger-agent=transport=dt_socket,embedding=1,server=y,suspend=n,address=127.0.0.1:56868
Begin MonoManager ReloadAssembly
Registering precompiled unity dll's ...
Register platform support module: /Applications/Unity/Hub/Editor/2020.3.19f1/Unity.app/Contents/PlaybackEngines/MacStandaloneSupport/UnityEditor.OSXStandalone.Extensions.dll
Register platform support module: /Applications/Unity/Hub/Editor/2020.3.19f1/PlaybackEngines/WindowsStandaloneSupport/UnityEditor.WindowsStandalone.Extensions.dll
Registered in 0.002171 seconds.
Native extension for WindowsStandalone target not found
Native extension for OSXStandalone target not found
Refreshing native plugins compatible for Editor in 27.60 ms, found 3 plugins.
Preloading 0 native plugins for Editor in 0.00 ms.
Mono: successfully reloaded assembly
- Completed reload, in  2.179 seconds
Domain Reload Profiling:
	ReloadAssembly (2180ms)
		BeginReloadAssembly (89ms)
			ExecutionOrderSort (0ms)
			DisableScriptedObjects (0ms)
			BackupInstance (0ms)
			ReleaseScriptingObjects (0ms)
			CreateAndSetChildDomain (2ms)
		EndReloadAssembly (925ms)
			LoadAssemblies (88ms)
			RebuildTransferFunctionScriptingTraits (0ms)
			SetupTypeCache (190ms)
			ReleaseScriptCaches (0ms)
			RebuildScriptCaches (45ms)
			SetupLoadedEditorAssemblies (522ms)
				LogAssemblyErrors (0ms)
				InitializePlatformSupportModulesInManaged (12ms)
				SetLoadedEditorAssemblies (1ms)
				RefreshPlugins (28ms)
				BeforeProcessingInitializeOnLoad (25ms)
				ProcessInitializeOnLoadAttributes (343ms)
				ProcessInitializeOnLoadMethodAttributes (113ms)
				AfterProcessingInitializeOnLoad (0ms)
				EditorAssembliesLoaded (1ms)
			ExecutionOrderSort2 (0ms)
			AwakeInstancesAfterBackupRestoration (0ms)
Platform modules already initialized, skipping
Registering precompiled user dll's ...
Registered in 0.003374 seconds.
Begin MonoManager ReloadAssembly
Native extension for WindowsStandalone target not found
Native extension for OSXStandalone target not found
Refreshing native plugins compatible for Editor in 0.53 ms, found 3 plugins.
Preloading 0 native plugins for Editor in 0.00 ms.
Mono: successfully reloaded assembly
- Completed reload, in  2.483 seconds
Domain Reload Profiling:
	ReloadAssembly (2487ms)
		BeginReloadAssembly (284ms)
			ExecutionOrderSort (0ms)
			DisableScriptedObjects (34ms)
			BackupInstance (0ms)
			ReleaseScriptingObjects (0ms)
			CreateAndSetChildDomain (42ms)
		EndReloadAssembly (2101ms)
			LoadAssemblies (202ms)
			RebuildTransferFunctionScriptingTraits (0ms)
			SetupTypeCache (334ms)
			ReleaseScriptCaches (1ms)
			RebuildScriptCaches (63ms)
			SetupLoadedEditorAssemblies (1207ms)
				LogAssemblyErrors (0ms)
				InitializePlatformSupportModulesInManaged (19ms)
				SetLoadedEditorAssemblies (2ms)
				RefreshPlugins (1ms)
				BeforeProcessingInitializeOnLoad (130ms)
				ProcessInitializeOnLoadAttributes (1037ms)
				ProcessInitializeOnLoadMethodAttributes (17ms)
				AfterProcessingInitializeOnLoad (1ms)
				EditorAssembliesLoaded (0ms)
			ExecutionOrderSort2 (0ms)
			AwakeInstancesAfterBackupRestoration (36ms)
Platform modules already initialized, skipping
Validating Project structure ... 0.000433 seconds.
Shader import version has changed; will reimport all shaders...
Upgrading shader files ...0.000588 seconds.
Application.AssetDatabase Initial Script Refresh Start
RefreshInfo: InitialScriptRefreshV2(NoUpdateAssetOptions) scanfilter:  ... 1 filters
RefreshProfiler: Total: 0.000ms
Application.AssetDatabase Initial Script Refresh End
Application.AssetDatabase.Refresh Start
Application.AssetDatabase.Refresh End
RefreshInfo: StopAssetImportingV2(ForceSynchronousImport) scanfilter: 
RefreshProfiler: Total: 0.000ms
Launching external process: /Applications/Unity/Hub/Editor/2020.3.19f1/Unity.app/Contents/Tools/UnityShaderCompiler
Launched and connected shader compiler UnityShaderCompiler after 0.02 seconds
Initializing Unity extensions:
========================================================================
Worker process is ready to serve import requests
Refreshing native plugins compatible for Editor in 0.27 ms, found 3 plugins.
Preloading 0 native plugins for Editor in 0.00 ms.
Unloading 1407 Unused Serialized files (Serialized files now loaded: 0)
System memory in use before: 159.1 MB.
System memory in use after: 158.3 MB.

Unloading 84 unused Assets to reduce memory usage. Loaded Objects now: 1878.
Total: 2.461542 ms (FindLiveObjects: 0.124083 ms CreateObjectMapping: 0.029209 ms MarkObjects: 1.883250 ms  DeleteObjects: 0.423875 ms)

AssetImportParameters requested are different than current active one (requested -> active):
  custom:video-decoder-ogg-theora: a1e56fd34408186e4bbccfd4996cb3dc -> 
  custom:container-muxer-webm: aa71ff27fc2769a1b78a27578f13a17b -> 
  custom:container-demuxer-webm: 4f35f7cbe854078d1ac9338744f61a02 -> 
  custom:container-demuxer-ogg: 62fdf1f143b41e24485cea50d1cbac27 -> 
  custom:video-encoder-webm-vp8: eb34c28f22e8b96e1ab97ce403110664 -> 
  custom:framework-osx-AVFoundation: e770b220cccbd017edd2c1fefb359320 -> 
  custom:video-decoder-webm-vp8: 9c59270c3fd7afecdb556c50c9e8de78 -> 
  custom:audio-decoder-ogg-vorbis: bf7c407c2cedff20999df2af8eb42d56 -> 
  custom:audio-encoder-webm-vorbis: bf7c407c2cedff20999df2af8eb42d56 -> 
========================================================================
Received Import Request.
  path: Assets/HeartRatePlugin/Scripts
  artifactKey: Guid(5d2ce9d0ea7ca46d3add76ad89f780f4) Importer(815301076,1909f56bfc062723c751e8b465ee728b)
Start importing Assets/HeartRatePlugin/Scripts using Guid(5d2ce9d0ea7ca46d3add76ad89f780f4) Importer(815301076,1909f56bfc062723c751e8b465ee728b)  -> (artifact id: '71e64e5d8324aa014113b8a5ea3e3a9f') in 0.005528 seconds 
  Import took 0.007402 seconds .

========================================================================
Received Import Request.
  Time since last request: 0.000322 seconds.
  path: Assets/HeartRatePlugin/ExampleScenes
  artifactKey: Guid(9211be0da2b244f619e18550dfe50ab4) Importer(815301076,1909f56bfc062723c751e8b465ee728b)
Start importing Assets/HeartRatePlugin/ExampleScenes using Guid(9211be0da2b244f619e18550dfe50ab4) Importer(815301076,1909f56bfc062723c751e8b465ee728b)  -> (artifact id: '989f2348ec21820d3ac071dc5a4d9e4f') in 0.000535 seconds 
  Import took 0.002070 seconds .

========================================================================
Received Import Request.
  Time since last request: 0.000220 seconds.
  path: Assets/HeartRatePlugin/ExampleScenes/SuperSimpleExample.unity
  artifactKey: Guid(9c652270d34774ee189c955025741675) Importer(815301076,1909f56bfc062723c751e8b465ee728b)
Start importing Assets/HeartRatePlugin/ExampleScenes/SuperSimpleExample.unity using Guid(9c652270d34774ee189c955025741675) Importer(815301076,1909f56bfc062723c751e8b465ee728b)  -> (artifact id: 'fc786bc6acb9c7bd8f07e8953d34aed2') in 0.012657 seconds 
  Import took 0.014285 seconds .

========================================================================
Received Prepare
Registering precompiled user dll's ...
Registered in 0.002666 seconds.
Begin MonoManager ReloadAssembly
Native extension for WindowsStandalone target not found
Native extension for OSXStandalone target not found
Refreshing native plugins compatible for Editor in 0.32 ms, found 3 plugins.
Preloading 0 native plugins for Editor in 0.00 ms.
Mono: successfully reloaded assembly
- Completed reload, in  2.255 seconds
Domain Reload Profiling:
	ReloadAssembly (2256ms)
		BeginReloadAssembly (220ms)
			ExecutionOrderSort (0ms)
			DisableScriptedObjects (30ms)
			BackupInstance (0ms)
			ReleaseScriptingObjects (0ms)
			CreateAndSetChildDomain (74ms)
		EndReloadAssembly (1938ms)
			LoadAssemblies (200ms)
			RebuildTransferFunctionScriptingTraits (0ms)
			SetupTypeCache (312ms)
			ReleaseScriptCaches (1ms)
			RebuildScriptCaches (51ms)
			SetupLoadedEditorAssemblies (1094ms)
				LogAssemblyErrors (0ms)
				InitializePlatformSupportModulesInManaged (18ms)
				SetLoadedEditorAssemblies (2ms)
				RefreshPlugins (0ms)
				BeforeProcessingInitializeOnLoad (156ms)
				ProcessInitializeOnLoadAttributes (902ms)
				ProcessInitializeOnLoadMethodAttributes (15ms)
				AfterProcessingInitializeOnLoad (1ms)
				EditorAssembliesLoaded (0ms)
			ExecutionOrderSort2 (0ms)
			AwakeInstancesAfterBackupRestoration (32ms)
Platform modules already initialized, skipping
Refreshing native plugins compatible for Editor in 0.29 ms, found 3 plugins.
Preloading 0 native plugins for Editor in 0.00 ms.
Unloading 1400 Unused Serialized files (Serialized files now loaded: 0)
System memory in use before: 157.1 MB.
System memory in use after: 157.2 MB.

Unloading 15 unused Assets to reduce memory usage. Loaded Objects now: 1881.
Total: 1.998584 ms (FindLiveObjects: 0.085625 ms CreateObjectMapping: 0.027542 ms MarkObjects: 1.870042 ms  DeleteObjects: 0.014500 ms)

AssetImportParameters requested are different than current active one (requested -> active):
  custom:video-decoder-ogg-theora: a1e56fd34408186e4bbccfd4996cb3dc -> 
  custom:container-muxer-webm: aa71ff27fc2769a1b78a27578f13a17b -> 
  custom:container-demuxer-webm: 4f35f7cbe854078d1ac9338744f61a02 -> 
  custom:container-demuxer-ogg: 62fdf1f143b41e24485cea50d1cbac27 -> 
  custom:video-encoder-webm-vp8: eb34c28f22e8b96e1ab97ce403110664 -> 
  custom:framework-osx-AVFoundation: e770b220cccbd017edd2c1fefb359320 -> 
  custom:video-decoder-webm-vp8: 9c59270c3fd7afecdb556c50c9e8de78 -> 
  custom:audio-decoder-ogg-vorbis: bf7c407c2cedff20999df2af8eb42d56 -> 
  custom:audio-encoder-webm-vorbis: bf7c407c2cedff20999df2af8eb42d56 -> 
========================================================================
Received Prepare
Registering precompiled user dll's ...
Registered in 0.004297 seconds.
Begin MonoManager ReloadAssembly
Native extension for WindowsStandalone target not found
Native extension for OSXStandalone target not found
Refreshing native plugins compatible for Editor in 0.46 ms, found 3 plugins.
Preloading 0 native plugins for Editor in 0.00 ms.
Mono: successfully reloaded assembly
- Completed reload, in  2.190 seconds
Domain Reload Profiling:
	ReloadAssembly (2191ms)
		BeginReloadAssembly (216ms)
			ExecutionOrderSort (0ms)
			DisableScriptedObjects (34ms)
			BackupInstance (0ms)
			ReleaseScriptingObjects (0ms)
			CreateAndSetChildDomain (71ms)
		EndReloadAssembly (1880ms)
			LoadAssemblies (196ms)
			RebuildTransferFunctionScriptingTraits (0ms)
			SetupTypeCache (300ms)
			ReleaseScriptCaches (1ms)
			RebuildScriptCaches (48ms)
			SetupLoadedEditorAssemblies (1074ms)
				LogAssemblyErrors (0ms)
				InitializePlatformSupportModulesInManaged (16ms)
				SetLoadedEditorAssemblies (2ms)
				RefreshPlugins (0ms)
				BeforeProcessingInitializeOnLoad (152ms)
				ProcessInitializeOnLoadAttributes (889ms)
				ProcessInitializeOnLoadMethodAttributes (14ms)
				AfterProcessingInitializeOnLoad (1ms)
				EditorAssembliesLoaded (0ms)
			ExecutionOrderSort2 (0ms)
			AwakeInstancesAfterBackupRestoration (31ms)
Platform modules already initialized, skipping
Refreshing native plugins compatible for Editor in 0.21 ms, found 3 plugins.
Preloading 0 native plugins for Editor in 0.00 ms.
Unloading 1425 Unused Serialized files (Serialized files now loaded: 0)
System memory in use before: 159.3 MB.
System memory in use after: 159.4 MB.

Unloading 15 unused Assets to reduce memory usage. Loaded Objects now: 1907.
Total: 1.963333 ms (FindLiveObjects: 0.078084 ms CreateObjectMapping: 0.027166 ms MarkObjects: 1.813875 ms  DeleteObjects: 0.043458 ms)

AssetImportParameters requested are different than current active one (requested -> active):
  custom:video-decoder-ogg-theora: a1e56fd34408186e4bbccfd4996cb3dc -> 
  custom:container-muxer-webm: aa71ff27fc2769a1b78a27578f13a17b -> 
  custom:container-demuxer-webm: 4f35f7cbe854078d1ac9338744f61a02 -> 
  custom:container-demuxer-ogg: 62fdf1f143b41e24485cea50d1cbac27 -> 
  custom:video-encoder-webm-vp8: eb34c28f22e8b96e1ab97ce403110664 -> 
  custom:framework-osx-AVFoundation: e770b220cccbd017edd2c1fefb359320 -> 
  custom:video-decoder-webm-vp8: 9c59270c3fd7afecdb556c50c9e8de78 -> 
  custom:audio-decoder-ogg-vorbis: bf7c407c2cedff20999df2af8eb42d56 -> 
  custom:audio-encoder-webm-vorbis: bf7c407c2cedff20999df2af8eb42d56 -> 
========================================================================
Received Import Request.
  Time since last request: 175.703461 seconds.
  path: Assets/Sprites/AtmosLeft.png
  artifactKey: Guid(db4ee95b2d4ef2840b59a3fc3de84070) Importer(815301076,1909f56bfc062723c751e8b465ee728b)
Start importing Assets/Sprites/AtmosLeft.png using Guid(db4ee95b2d4ef2840b59a3fc3de84070) Importer(815301076,1909f56bfc062723c751e8b465ee728b)  -> (artifact id: '6bf939bd9d6884acee91c23b96fc7e5e') in 0.656239 seconds 
  Import took 0.658353 seconds .

========================================================================
Received Import Request.
  Time since last request: 0.003415 seconds.
  path: Assets/Sprites/BonusCard.png
  artifactKey: Guid(5c8ed9562aa5b1a47a4170185090bbad) Importer(815301076,1909f56bfc062723c751e8b465ee728b)
Start importing Assets/Sprites/BonusCard.png using Guid(5c8ed9562aa5b1a47a4170185090bbad) Importer(815301076,1909f56bfc062723c751e8b465ee728b)  -> (artifact id: '1443f20271813f919e17e59a882ccda5') in 0.015267 seconds 
  Import took 0.017209 seconds .

========================================================================
Received Import Request.
  Time since last request: 0.000297 seconds.
  path: Assets/Sprites/Excited_image.png
  artifactKey: Guid(0ae70700f68c74982a1460256e8e629d) Importer(815301076,1909f56bfc062723c751e8b465ee728b)
Start importing Assets/Sprites/Excited_image.png using Guid(0ae70700f68c74982a1460256e8e629d) Importer(815301076,1909f56bfc062723c751e8b465ee728b)  -> (artifact id: '99310425e9ecce8c41a5c7dc86b71afb') in 0.009796 seconds 
  Import took 0.011629 seconds .

========================================================================
Received Import Request.
  Time since last request: 0.000200 seconds.
  path: Assets/Sprites/DoorTemp.png
  artifactKey: Guid(b7b765c7f29d9334daad9a3145c59b92) Importer(815301076,1909f56bfc062723c751e8b465ee728b)
Start importing Assets/Sprites/DoorTemp.png using Guid(b7b765c7f29d9334daad9a3145c59b92) Importer(815301076,1909f56bfc062723c751e8b465ee728b)  -> (artifact id: '17842127cc0510d26b4905434a43c1b6') in 0.012347 seconds 
  Import took 0.014208 seconds .

========================================================================
Received Import Request.
  Time since last request: 0.000220 seconds.
  path: Assets/Sprites/Up.png
  artifactKey: Guid(18e3ce468d97ae443ab2015df8602952) Importer(815301076,1909f56bfc062723c751e8b465ee728b)
Start importing Assets/Sprites/Up.png using Guid(18e3ce468d97ae443ab2015df8602952) Importer(815301076,1909f56bfc062723c751e8b465ee728b)  -> (artifact id: '4455e55c788bd49668db5c95c0c7cf7c') in 0.009828 seconds 
  Import took 0.011672 seconds .

========================================================================
Received Import Request.
  Time since last request: 0.000180 seconds.
  path: Assets/Sprites/Picture88.png
  artifactKey: Guid(acccadb3a0bf9954ea1cc87d9e929c3a) Importer(815301076,1909f56bfc062723c751e8b465ee728b)
Start importing Assets/Sprites/Picture88.png using Guid(acccadb3a0bf9954ea1cc87d9e929c3a) Importer(815301076,1909f56bfc062723c751e8b465ee728b)  -> (artifact id: 'f0e38dc6044e40d8ae3dac0dc460b9fe') in 0.008682 seconds 
  Import took 0.010461 seconds .

========================================================================
Received Import Request.
  Time since last request: 0.000309 seconds.
  path: Assets/Sprites/Spirit.png
  artifactKey: Guid(b466f610f17c947609153cc6e7bbcac4) Importer(815301076,1909f56bfc062723c751e8b465ee728b)
Start importing Assets/Sprites/Spirit.png using Guid(b466f610f17c947609153cc6e7bbcac4) Importer(815301076,1909f56bfc062723c751e8b465ee728b)  -> (artifact id: '5b23148ee14463867ca46ac7bffc44f3') in 0.028860 seconds 
  Import took 0.030720 seconds .

========================================================================
Received Import Request.
  Time since last request: 0.000259 seconds.
  path: Assets/Sprites/AtmosRight.png
  artifactKey: Guid(70b2778391208ec4a8a50f7eddf61ad6) Importer(815301076,1909f56bfc062723c751e8b465ee728b)
Start importing Assets/Sprites/AtmosRight.png using Guid(70b2778391208ec4a8a50f7eddf61ad6) Importer(815301076,1909f56bfc062723c751e8b465ee728b)  -> (artifact id: '50c1cdb6b694ffc1865b206f86fd3504') in 0.008948 seconds 
  Import took 0.010937 seconds .

========================================================================
Received Import Request.
  Time since last request: 0.000314 seconds.
  path: Assets/Sprites/Baseline.overrideController
  artifactKey: Guid(a75908819e4dd4f2690ed9c8706e3d82) Importer(815301076,1909f56bfc062723c751e8b465ee728b)
Start importing Assets/Sprites/Baseline.overrideController using Guid(a75908819e4dd4f2690ed9c8706e3d82) Importer(815301076,1909f56bfc062723c751e8b465ee728b)  -> (artifact id: '0f912177b3be3760b8040ad8c4ccea5a') in 0.526998 seconds 
  Import took 0.529006 seconds .

========================================================================
Received Import Request.
  Time since last request: 0.001886 seconds.
  path: Assets/Sprites/Calm-37 (1).png
  artifactKey: Guid(2479da37079f34fa2842de9d17288515) Importer(815301076,1909f56bfc062723c751e8b465ee728b)
Start importing Assets/Sprites/Calm-37 (1).png using Guid(2479da37079f34fa2842de9d17288515) Importer(815301076,1909f56bfc062723c751e8b465ee728b)  -> (artifact id: 'abf08f5d7b23211d93a48c0adf8d0102') in 0.093282 seconds 
  Import took 0.095036 seconds .

========================================================================
Received Import Request.
  Time since last request: 0.000244 seconds.
  path: Assets/Sprites/Spirit_1.gif
  artifactKey: Guid(8ca2620e75c07d84584679e6f2e5b935) Importer(815301076,1909f56bfc062723c751e8b465ee728b)
Start importing Assets/Sprites/Spirit_1.gif using Guid(8ca2620e75c07d84584679e6f2e5b935) Importer(815301076,1909f56bfc062723c751e8b465ee728b)  -> (artifact id: 'adf820385c002b620501fc6c3289465c') in 0.463269 seconds 
  Import took 0.464950 seconds .

========================================================================
Received Import Request.
  Time since last request: 0.002978 seconds.
  path: Assets/Sprites/jump.png
  artifactKey: Guid(402372a8519054051bb55436225b3d2a) Importer(815301076,1909f56bfc062723c751e8b465ee728b)
Start importing Assets/Sprites/jump.png using Guid(402372a8519054051bb55436225b3d2a) Importer(815301076,1909f56bfc062723c751e8b465ee728b)  -> (artifact id: 'd357c38a86c0b5081397e123131f00f1') in 0.032883 seconds 
  Import took 0.034811 seconds .

========================================================================
Received Import Request.
  Time since last request: 0.000289 seconds.
  path: Assets/Sprites/Calm.overrideController
  artifactKey: Guid(7eec27c9d44184640b64e11b81594b32) Importer(815301076,1909f56bfc062723c751e8b465ee728b)
Start importing Assets/Sprites/Calm.overrideController using Guid(7eec27c9d44184640b64e11b81594b32) Importer(815301076,1909f56bfc062723c751e8b465ee728b)  -> (artifact id: '9121c3b7c40130dfa177ee65cc10e65f') in 0.003614 seconds 
  Import took 0.005410 seconds .

========================================================================
Received Import Request.
  Time since last request: 0.000233 seconds.
  path: Assets/Sprites/Picture55.png
  artifactKey: Guid(79867f9c70fed864189ad95cf3a7fad9) Importer(815301076,1909f56bfc062723c751e8b465ee728b)
Start importing Assets/Sprites/Picture55.png using Guid(79867f9c70fed864189ad95cf3a7fad9) Importer(815301076,1909f56bfc062723c751e8b465ee728b)  -> (artifact id: 'a79dd98fa15e81a533b958b9ee15221d') in 0.009182 seconds 
  Import took 0.011042 seconds .

========================================================================
Received Import Request.
  Time since last request: 0.000230 seconds.
  path: Assets/Sprites/Down.png
  artifactKey: Guid(44c0ae8d909a73a42a492c9de8387f4e) Importer(815301076,1909f56bfc062723c751e8b465ee728b)
Start importing Assets/Sprites/Down.png using Guid(44c0ae8d909a73a42a492c9de8387f4e) Importer(815301076,1909f56bfc062723c751e8b465ee728b)  -> (artifact id: 'b5db681aeee20f2d44db989ba04bcce5') in 0.008921 seconds 
  Import took 0.010637 seconds .

========================================================================
Received Import Request.
  Time since last request: 0.000272 seconds.
  path: Assets/Sprites/Walk Sprite.png
  artifactKey: Guid(a4b58e89507a244fba21fb85662e969f) Importer(815301076,1909f56bfc062723c751e8b465ee728b)
Start importing Assets/Sprites/Walk Sprite.png using Guid(a4b58e89507a244fba21fb85662e969f) Importer(815301076,1909f56bfc062723c751e8b465ee728b)  -> (artifact id: '5e2baf36802dc4649bc8a5a01291048f') in 0.030509 seconds 
  Import took 0.032174 seconds .

========================================================================
Received Import Request.
  Time since last request: 0.000296 seconds.
  path: Assets/Sprites/Excited.overrideController
  artifactKey: Guid(9c6d0dbd67c234271a6d205342719db6) Importer(815301076,1909f56bfc062723c751e8b465ee728b)
Start importing Assets/Sprites/Excited.overrideController using Guid(9c6d0dbd67c234271a6d205342719db6) Importer(815301076,1909f56bfc062723c751e8b465ee728b)  -> (artifact id: '1eb51175c30df9f4cb2a524487098723') in 0.003450 seconds 
  Import took 0.005246 seconds .

========================================================================
Received Import Request.
  Time since last request: 0.000197 seconds.
  path: Assets/Sprites/Picture1.gif
  artifactKey: Guid(4cac6ba7ab49b314e86a04c26e8e4c0d) Importer(815301076,1909f56bfc062723c751e8b465ee728b)
Start importing Assets/Sprites/Picture1.gif using Guid(4cac6ba7ab49b314e86a04c26e8e4c0d) Importer(815301076,1909f56bfc062723c751e8b465ee728b)  -> (artifact id: '31316b2ae2ce59c73df6662f6a6bbff8') in 0.009151 seconds 
  Import took 0.010850 seconds .

========================================================================
Received Import Request.
  Time since last request: 0.000166 seconds.
  path: Assets/Sprites/Calm_Image.png
  artifactKey: Guid(4dd902edd1eee4021928637500075608) Importer(815301076,1909f56bfc062723c751e8b465ee728b)
Start importing Assets/Sprites/Calm_Image.png using Guid(4dd902edd1eee4021928637500075608) Importer(815301076,1909f56bfc062723c751e8b465ee728b)  -> (artifact id: '80b3714aca08c432e7fa9c59e3d7bb23') in 0.009227 seconds 
  Import took 0.011059 seconds .

========================================================================
Received Import Request.
  Time since last request: 0.000207 seconds.
  path: Assets/Sprites/Excitement.png
  artifactKey: Guid(da41df79f11c64a28bf2266611c515b9) Importer(815301076,1909f56bfc062723c751e8b465ee728b)
Start importing Assets/Sprites/Excitement.png using Guid(da41df79f11c64a28bf2266611c515b9) Importer(815301076,1909f56bfc062723c751e8b465ee728b)  -> (artifact id: '7c0bb6ef9d942155b321db9707e9fb47') in 0.020990 seconds 
  Import took 0.022908 seconds .

========================================================================
Received Import Request.
  Time since last request: 6.245320 seconds.
  path: Assets/Scenes/SampleScene.unity
  artifactKey: Guid(2cda990e2423bbf4892e6590ba056729) Importer(815301076,1909f56bfc062723c751e8b465ee728b)
Start importing Assets/Scenes/SampleScene.unity using Guid(2cda990e2423bbf4892e6590ba056729) Importer(815301076,1909f56bfc062723c751e8b465ee728b)  -> (artifact id: '93bd7942e8142d014d59b104648e5a17') in 0.001053 seconds 
  Import took 0.002863 seconds .

========================================================================
Received Prepare
Registering precompiled user dll's ...
Registered in 0.000898 seconds.
Begin MonoManager ReloadAssembly
Native extension for WindowsStandalone target not found
Native extension for OSXStandalone target not found
Refreshing native plugins compatible for Editor in 0.32 ms, found 3 plugins.
Preloading 0 native plugins for Editor in 0.00 ms.
Mono: successfully reloaded assembly
- Completed reload, in  2.170 seconds
Domain Reload Profiling:
	ReloadAssembly (2171ms)
		BeginReloadAssembly (217ms)
			ExecutionOrderSort (0ms)
			DisableScriptedObjects (38ms)
			BackupInstance (0ms)
			ReleaseScriptingObjects (0ms)
			CreateAndSetChildDomain (70ms)
		EndReloadAssembly (1857ms)
			LoadAssemblies (180ms)
			RebuildTransferFunctionScriptingTraits (0ms)
			SetupTypeCache (303ms)
			ReleaseScriptCaches (1ms)
			RebuildScriptCaches (47ms)
			SetupLoadedEditorAssemblies (1056ms)
				LogAssemblyErrors (0ms)
				InitializePlatformSupportModulesInManaged (16ms)
				SetLoadedEditorAssemblies (1ms)
				RefreshPlugins (0ms)
				BeforeProcessingInitializeOnLoad (143ms)
				ProcessInitializeOnLoadAttributes (879ms)
				ProcessInitializeOnLoadMethodAttributes (15ms)
				AfterProcessingInitializeOnLoad (1ms)
				EditorAssembliesLoaded (0ms)
			ExecutionOrderSort2 (0ms)
			AwakeInstancesAfterBackupRestoration (33ms)
Platform modules already initialized, skipping
Refreshing native plugins compatible for Editor in 0.24 ms, found 3 plugins.
Preloading 0 native plugins for Editor in 0.00 ms.
Unloading 1425 Unused Serialized files (Serialized files now loaded: 0)
System memory in use before: 172.5 MB.
System memory in use after: 172.6 MB.

Unloading 15 unused Assets to reduce memory usage. Loaded Objects now: 1945.
Total: 1.937125 ms (FindLiveObjects: 0.082333 ms CreateObjectMapping: 0.027125 ms MarkObjects: 1.783125 ms  DeleteObjects: 0.043833 ms)

AssetImportParameters requested are different than current active one (requested -> active):
  custom:video-decoder-ogg-theora: a1e56fd34408186e4bbccfd4996cb3dc -> 
  custom:container-muxer-webm: aa71ff27fc2769a1b78a27578f13a17b -> 
  custom:container-demuxer-webm: 4f35f7cbe854078d1ac9338744f61a02 -> 
  custom:container-demuxer-ogg: 62fdf1f143b41e24485cea50d1cbac27 -> 
  custom:video-encoder-webm-vp8: eb34c28f22e8b96e1ab97ce403110664 -> 
  custom:framework-osx-AVFoundation: e770b220cccbd017edd2c1fefb359320 -> 
  custom:video-decoder-webm-vp8: 9c59270c3fd7afecdb556c50c9e8de78 -> 
  custom:audio-decoder-ogg-vorbis: bf7c407c2cedff20999df2af8eb42d56 -> 
  custom:audio-encoder-webm-vorbis: bf7c407c2cedff20999df2af8eb42d56 -> 
